生成启动时间为 2019/8/31 11:13:45。
     1>项目“D:\汉佑\c语言作业\100\54\54\54.vcxproj”在节点 2 上(Build 个目标)。
     1>ClCompile:
         C:\Program Files (x86)\Microsoft Visual Studio 14.0\VC\bin\CL.exe /c /ZI /nologo /W3 /WX- /Od /Oy- /D WIN32 /D _DEBUG /D _CONSOLE /D _UNICODE /D UNICODE /Gm /EHsc /RTC1 /MDd /GS /fp:precise /Zc:wchar_t /Zc:forScope /Zc:inline /Fo"Debug\\" /Fd"Debug\vc140.pdb" /Gd /TP /analyze- /errorReport:prompt 54.cpp
         54.cpp
     1>d:\汉佑\c语言作业\100\54\54\54.cpp(6): warning C4778: 'scanf' : unterminated format string '%0'
     1>d:\汉佑\c语言作业\100\54\54\54.cpp(6): warning C4474: scanf: 格式字符串中传递的参数太多
         d:\汉佑\c语言作业\100\54\54\54.cpp(6): note: placeholders and their parameters expect 0 variadic arguments, but 1 were provided
     1>d:\汉佑\c语言作业\100\54\54\54.cpp(6): warning C4996: 'scanf': This function or variable may be unsafe. Consider using scanf_s instead. To disable deprecation, use _CRT_SECURE_NO_WARNINGS. See online help for details.
         c:\program files (x86)\windows kits\10\include\10.0.10150.0\ucrt\stdio.h(1270): note: 参见“scanf”的声明
     1>d:\汉佑\c语言作业\100\54\54\54.cpp(10): warning C4476: 'printf' : unknown type field character '\n' in format specifier
     1>d:\汉佑\c语言作业\100\54\54\54.cpp(10): warning C4778: 'printf' : unterminated format string '%0\n'
     1>d:\汉佑\c语言作业\100\54\54\54.cpp(10): warning C4474: printf: 格式字符串中传递的参数太多
         d:\汉佑\c语言作业\100\54\54\54.cpp(10): note: placeholders and their parameters expect 0 variadic arguments, but 2 were provided
       Link:
         C:\Program Files (x86)\Microsoft Visual Studio 14.0\VC\bin\link.exe /ERRORREPORT:PROMPT /OUT:"D:\汉佑\c语言作业\100\54\Debug\54.exe" /INCREMENTAL /NOLOGO kernel32.lib user32.lib gdi32.lib winspool.lib comdlg32.lib advapi32.lib shell32.lib ole32.lib oleaut32.lib uuid.lib odbc32.lib odbccp32.lib /MANIFEST /MANIFESTUAC:"level='asInvoker' uiAccess='false'" /manifest:embed /Debug /PDB:"D:\汉佑\c语言作业\100\54\Debug\54.pdb" /SUBSYSTEM:CONSOLE /TLBID:1 /DYNAMICBASE /NXCOMPAT /IMPLIB:"D:\汉佑\c语言作业\100\54\Debug\54.lib" /MACHINE:X86 Debug\54.obj
         54.vcxproj -> D:\汉佑\c语言作业\100\54\Debug\54.exe
     1>已完成生成项目“D:\汉佑\c语言作业\100\54\54\54.vcxproj”(Build 个目标)的操作。

已成功生成。

已用时间 00:00:01.10
